2024-12-13 11:11:23.971 [info] Added views:outline in workbench.view.explorer
2024-12-13 11:11:23.971 [info] Added views:workbench.view.search in workbench.view.search
2024-12-13 11:11:23.971 [info] Added views:workbench.scm in workbench.view.scm
2024-12-13 11:11:23.971 [info] Added views:workbench.panel.markers.view in workbench.panel.markers
2024-12-13 11:11:23.971 [info] Added views:workbench.panel.output in workbench.panel.output
2024-12-13 11:11:23.971 [info] Added views:terminal in terminal
2024-12-13 11:11:23.971 [info] Added views:timeline in workbench.view.explorer
2024-12-13 11:11:23.971 [info] Added views:workbench.explorer.fileView in workbench.view.explorer
2024-12-13 11:11:24.293 [info] Added views:workbench.debug.variablesView,workbench.debug.watchExpressionsView,workbench.debug.callStackView,workbench.debug.breakPointsView in workbench.view.debug
2024-12-13 11:11:24.554 [info] Added views:workbench.panel.repl.view in workbench.panel.repl
2024-12-13 11:11:24.556 [info] Removed views:workbench.debug.breakPointsView,workbench.debug.callStackView,workbench.debug.watchExpressionsView,workbench.debug.variablesView from workbench.view.debug
2024-12-13 11:11:24.556 [info] Added views:workbench.debug.welcome in workbench.view.debug
2024-12-13 11:11:24.682 [info] Added views:~remote.forwardedPorts in ~remote.forwardedPortsContainer
2024-12-13 11:16:49.012 [info] Added views:workbench.views.extensions.installed,workbench.views.extensions.popular,extensions.recommendedList in workbench.view.extensions
2024-12-13 11:16:49.023 [info] Removed views:workbench.views.extensions.popular from workbench.view.extensions
2024-12-13 11:16:49.171 [info] Added views:workbench.views.extensions.popular in workbench.view.extensions
2024-12-13 11:17:18.458 [info] Added views:workbench.view.testing in workbench.view.extension.test
2024-12-13 11:17:51.391 [info] Removed views:extensions.recommendedList,workbench.views.extensions.popular,workbench.views.extensions.installed from workbench.view.extensions
2024-12-13 11:17:51.398 [info] Added views:workbench.views.extensions.marketplace in workbench.view.extensions
2024-12-13 11:18:02.194 [info] Removed views:workbench.views.extensions.marketplace from workbench.view.extensions
2024-12-13 11:18:02.210 [info] Added views:workbench.views.extensions.installed,workbench.views.extensions.popular,extensions.recommendedList in workbench.view.extensions
